TN:
SF:src\plugins\http-client.plugin.ts
FN:5,get
FN:12,post
FN:15,put
FN:18,delete
FNF:4
FNH:1
FNDA:3,get
FNDA:0,post
FNDA:0,put
FNDA:0,delete
DA:1,1
DA:2,1
DA:3,1
DA:4,1
DA:5,1
DA:6,3
DA:7,2
DA:8,2
DA:9,2
DA:10,1
DA:11,1
DA:12,1
DA:13,0
DA:14,1
DA:15,1
DA:16,0
DA:17,1
DA:18,1
DA:19,0
DA:20,1
DA:21,1
DA:22,1
LF:22
LH:19
BRDA:5,0,0,3
BRDA:7,1,0,2
BRF:2
BRH:2
end_of_record
TN:
SF:src\plugins\index.ts
FN:1,get
FN:2,get
FN:3,get
FN:4,get
FNF:4
FNH:3
FNDA:1,get
FNDA:3,get
FNDA:2,get
FNDA:0,get
DA:1,1
DA:2,1
DA:3,1
DA:4,1
LF:4
LH:4
BRDA:1,0,0,1
BRDA:2,1,0,3
BRDA:3,2,0,2
BRF:3
BRH:3
end_of_record
TN:
SF:src\plugins\logger.plugin.ts
FN:23,buildLogger
FN:25,log
FN:28,error
FNF:3
FNH:2
FNDA:2,buildLogger
FNDA:1,log
FNDA:0,error
DA:1,1
DA:2,1
DA:3,1
DA:4,1
DA:5,1
DA:6,1
DA:7,1
DA:8,1
DA:9,1
DA:10,1
DA:11,1
DA:12,1
DA:13,1
DA:14,1
DA:15,1
DA:16,1
DA:17,1
DA:18,1
DA:19,1
DA:20,1
DA:21,1
DA:22,1
DA:23,1
DA:24,2
DA:25,2
DA:26,1
DA:27,2
DA:28,2
DA:29,0
DA:30,2
DA:31,2
DA:32,2
LF:32
LH:31
BRDA:23,0,0,2
BRDA:25,1,0,1
BRF:2
BRH:2
end_of_record
